2025-11-06 18:13:27,117 - INFO -  * Restarting with stat
2025-11-06 18:16:56,893 - INFO - [31m[1mWARNING: This is a development server. Do not use it in a production deployment. Use a production WSGI server instead.[0m
 * Running on http://127.0.0.1:5000
2025-11-06 18:16:56,894 - INFO - [33mPress CTRL+C to quit[0m
2025-11-06 18:16:56,896 - INFO -  * Restarting with stat
2025-11-06 18:16:57,627 - WARNING -  * Debugger is active!
2025-11-06 18:16:57,631 - INFO -  * Debugger PIN: 621-942-329
2025-11-06 18:17:00,587 - INFO - 127.0.0.1 - - [06/Nov/2025 18:17:00] "[33mGET / HTTP/1.1[0m" 404 -
2025-11-06 18:17:12,257 - INFO - cached: None
2025-11-06 18:17:12,259 - ERROR - Other Error: Failed to parse: <PreparedRequest [GET]>
Traceback (most recent call last):
  File "C:\Users\rj\Documents\Coding Projects\Backend-Projects\My Weather API\myenv\Lib\site-packages\urllib3\util\url.py", line 423, in parse_url
    host, port = _HOST_PORT_RE.match(host_port).groups()  # type: ignore[union-attr]
                 ^^^^^^^^^^^^^^^^^^^^^^^^^^^^^^^^^^^^^
AttributeError: 'NoneType' object has no attribute 'groups'

The above exception was the direct cause of the following exception:

Traceback (most recent call last):
  File "C:\Users\rj\Documents\Coding Projects\Backend-Projects\My Weather API\myenv\Lib\site-packages\requests\models.py", line 433, in prepare_url
    scheme, auth, host, port, path, query, fragment = parse_url(url)
                                                      ~~~~~~~~~^^^^^
  File "C:\Users\rj\Documents\Coding Projects\Backend-Projects\My Weather API\myenv\Lib\site-packages\urllib3\util\url.py", line 449, in parse_url
    raise LocationParseError(source_url) from e
urllib3.exceptions.LocationParseError: Failed to parse: <PreparedRequest [GET]>

During handling of the above exception, another exception occurred:

Traceback (most recent call last):
  File "c:\Users\rj\Documents\Coding Projects\Backend-Projects\My Weather API\request_data.py", line 26, in request_data
    response1 = requests.get(prepared, timeout=5)
  File "C:\Users\rj\Documents\Coding Projects\Backend-Projects\My Weather API\myenv\Lib\site-packages\requests\api.py", line 73, in get
    return request("get", url, params=params, **kwargs)
  File "C:\Users\rj\Documents\Coding Projects\Backend-Projects\My Weather API\myenv\Lib\site-packages\requests\api.py", line 59, in request
    return session.request(method=method, url=url, **kwargs)
           ~~~~~~~~~~~~~~~^^^^^^^^^^^^^^^^^^^^^^^^^^^^^^^^^^
  File "C:\Users\rj\Documents\Coding Projects\Backend-Projects\My Weather API\myenv\Lib\site-packages\requests\sessions.py", line 575, in request
    prep = self.prepare_request(req)
  File "C:\Users\rj\Documents\Coding Projects\Backend-Projects\My Weather API\myenv\Lib\site-packages\requests\sessions.py", line 484, in prepare_request
    p.prepare(
    ~~~~~~~~~^
        method=request.method.upper(),
        ^^^^^^^^^^^^^^^^^^^^^^^^^^^^^^
    ...<10 lines>...
        hooks=merge_hooks(request.hooks, self.hooks),
        ^^^^^^^^^^^^^^^^^^^^^^^^^^^^^^^^^^^^^^^^^^^^^
    )
    ^
  File "C:\Users\rj\Documents\Coding Projects\Backend-Projects\My Weather API\myenv\Lib\site-packages\requests\models.py", line 367, in prepare
    self.prepare_url(url, params)
    ~~~~~~~~~~~~~~~~^^^^^^^^^^^^^
  File "C:\Users\rj\Documents\Coding Projects\Backend-Projects\My Weather API\myenv\Lib\site-packages\requests\models.py", line 435, in prepare_url
    raise InvalidURL(*e.args)
requests.exceptions.InvalidURL: Failed to parse: <PreparedRequest [GET]>
2025-11-06 18:17:12,294 - INFO - 127.0.0.1 - - [06/Nov/2025 18:17:12] "[35m[1mGET /weather HTTP/1.1[0m" 500 -
2025-11-06 18:17:12,486 - INFO - 127.0.0.1 - - [06/Nov/2025 18:17:12] "[36mGET /weather?__debugger__=yes&cmd=resource&f=debugger.js HTTP/1.1[0m" 304 -
2025-11-06 18:17:12,495 - INFO - 127.0.0.1 - - [06/Nov/2025 18:17:12] "[36mGET /weather?__debugger__=yes&cmd=resource&f=style.css HTTP/1.1[0m" 304 -
2025-11-06 18:17:12,576 - INFO - 127.0.0.1 - - [06/Nov/2025 18:17:12] "GET /weather?__debugger__=yes&cmd=resource&f=console.png&s=0PBIUvGAx0eWRnK93R8t HTTP/1.1" 200 -
2025-11-06 18:18:19,563 - INFO -  * Detected change in 'c:\\Users\\rj\\Documents\\Coding Projects\\Backend-Projects\\My Weather API\\request_data.py', reloading
2025-11-06 18:18:19,678 - INFO -  * Restarting with stat
2025-11-06 18:18:20,545 - WARNING -  * Debugger is active!
2025-11-06 18:18:20,548 - INFO -  * Debugger PIN: 621-942-329
2025-11-06 18:18:48,880 - INFO -  * Detected change in 'c:\\Users\\rj\\Documents\\Coding Projects\\Backend-Projects\\My Weather API\\request_data.py', reloading
2025-11-06 18:18:49,002 - INFO -  * Restarting with stat
2025-11-06 18:18:49,590 - WARNING -  * Debugger is active!
2025-11-06 18:18:49,594 - INFO -  * Debugger PIN: 621-942-329
2025-11-06 18:20:10,540 - INFO -  * Detected change in 'c:\\Users\\rj\\Documents\\Coding Projects\\Backend-Projects\\My Weather API\\request_data.py', reloading
2025-11-06 18:20:10,635 - INFO -  * Restarting with stat
2025-11-06 18:20:11,603 - WARNING -  * Debugger is active!
2025-11-06 18:20:11,608 - INFO -  * Debugger PIN: 621-942-329
2025-11-06 18:20:36,866 - INFO -  * Detected change in 'c:\\Users\\rj\\Documents\\Coding Projects\\Backend-Projects\\My Weather API\\request_data.py', reloading
2025-11-06 18:20:36,992 - INFO -  * Restarting with stat
2025-11-06 18:20:37,828 - WARNING -  * Debugger is active!
2025-11-06 18:20:37,831 - INFO -  * Debugger PIN: 621-942-329
2025-11-06 18:21:17,241 - INFO -  * Detected change in 'c:\\Users\\rj\\Documents\\Coding Projects\\Backend-Projects\\My Weather API\\request_data.py', reloading
2025-11-06 18:21:17,359 - INFO -  * Restarting with stat
2025-11-06 18:21:18,415 - WARNING -  * Debugger is active!
2025-11-06 18:21:18,422 - INFO -  * Debugger PIN: 621-942-329
2025-11-06 18:21:28,456 - INFO - key: https://weather.visualcrossing.com/VisualCrossingWebServices/rest/services/timeline/Pandi,%20Philippines?key=UW9WGNEW2SEFDM82H8H48CELF
2025-11-06 18:21:28,461 - DEBUG - Starting new HTTPS connection (1): weather.visualcrossing.com:443
2025-11-06 18:21:29,894 - DEBUG - https://weather.visualcrossing.com:443 "GET /VisualCrossingWebServices/rest/services/timeline/Pandi,%20Philippines?key=UW9WGNEW2SEFDM82H8H48CELF HTTP/1.1" 200 None
2025-11-06 18:21:30,124 - INFO - succesfully saved in cache
2025-11-06 18:21:30,126 - INFO - 127.0.0.1 - - [06/Nov/2025 18:21:30] "GET /weather HTTP/1.1" 200 -
2025-11-06 18:22:08,000 - INFO -  * Detected change in 'c:\\Users\\rj\\Documents\\Coding Projects\\Backend-Projects\\My Weather API\\request_data.py', reloading
2025-11-06 18:22:08,103 - INFO -  * Restarting with stat
2025-11-06 18:22:08,982 - WARNING -  * Debugger is active!
2025-11-06 18:22:08,985 - INFO -  * Debugger PIN: 621-942-329
