2025-11-06 18:13:27,117 - INFO -  * Restarting with stat
2025-11-06 18:16:56,893 - INFO - [31m[1mWARNING: This is a development server. Do not use it in a production deployment. Use a production WSGI server instead.[0m
 * Running on http://127.0.0.1:5000
2025-11-06 18:16:56,894 - INFO - [33mPress CTRL+C to quit[0m
2025-11-06 18:16:56,896 - INFO -  * Restarting with stat
2025-11-06 18:16:57,627 - WARNING -  * Debugger is active!
2025-11-06 18:16:57,631 - INFO -  * Debugger PIN: 621-942-329
2025-11-06 18:17:00,587 - INFO - 127.0.0.1 - - [06/Nov/2025 18:17:00] "[33mGET / HTTP/1.1[0m" 404 -
2025-11-06 18:17:12,257 - INFO - cached: None
2025-11-06 18:17:12,259 - ERROR - Other Error: Failed to parse: <PreparedRequest [GET]>
Traceback (most recent call last):
  File "C:\Users\rj\Documents\Coding Projects\Backend-Projects\My Weather API\myenv\Lib\site-packages\urllib3\util\url.py", line 423, in parse_url
    host, port = _HOST_PORT_RE.match(host_port).groups()  # type: ignore[union-attr]
                 ^^^^^^^^^^^^^^^^^^^^^^^^^^^^^^^^^^^^^
AttributeError: 'NoneType' object has no attribute 'groups'

The above exception was the direct cause of the following exception:

Traceback (most recent call last):
  File "C:\Users\rj\Documents\Coding Projects\Backend-Projects\My Weather API\myenv\Lib\site-packages\requests\models.py", line 433, in prepare_url
    scheme, auth, host, port, path, query, fragment = parse_url(url)
                                                      ~~~~~~~~~^^^^^
  File "C:\Users\rj\Documents\Coding Projects\Backend-Projects\My Weather API\myenv\Lib\site-packages\urllib3\util\url.py", line 449, in parse_url
    raise LocationParseError(source_url) from e
urllib3.exceptions.LocationParseError: Failed to parse: <PreparedRequest [GET]>

During handling of the above exception, another exception occurred:

Traceback (most recent call last):
  File "c:\Users\rj\Documents\Coding Projects\Backend-Projects\My Weather API\request_data.py", line 26, in request_data
    response1 = requests.get(prepared, timeout=5)
  File "C:\Users\rj\Documents\Coding Projects\Backend-Projects\My Weather API\myenv\Lib\site-packages\requests\api.py", line 73, in get
    return request("get", url, params=params, **kwargs)
  File "C:\Users\rj\Documents\Coding Projects\Backend-Projects\My Weather API\myenv\Lib\site-packages\requests\api.py", line 59, in request
    return session.request(method=method, url=url, **kwargs)
           ~~~~~~~~~~~~~~~^^^^^^^^^^^^^^^^^^^^^^^^^^^^^^^^^^
  File "C:\Users\rj\Documents\Coding Projects\Backend-Projects\My Weather API\myenv\Lib\site-packages\requests\sessions.py", line 575, in request
    prep = self.prepare_request(req)
  File "C:\Users\rj\Documents\Coding Projects\Backend-Projects\My Weather API\myenv\Lib\site-packages\requests\sessions.py", line 484, in prepare_request
    p.prepare(
    ~~~~~~~~~^
        method=request.method.upper(),
        ^^^^^^^^^^^^^^^^^^^^^^^^^^^^^^
    ...<10 lines>...
        hooks=merge_hooks(request.hooks, self.hooks),
        ^^^^^^^^^^^^^^^^^^^^^^^^^^^^^^^^^^^^^^^^^^^^^
    )
    ^
  File "C:\Users\rj\Documents\Coding Projects\Backend-Projects\My Weather API\myenv\Lib\site-packages\requests\models.py", line 367, in prepare
    self.prepare_url(url, params)
    ~~~~~~~~~~~~~~~~^^^^^^^^^^^^^
  File "C:\Users\rj\Documents\Coding Projects\Backend-Projects\My Weather API\myenv\Lib\site-packages\requests\models.py", line 435, in prepare_url
    raise InvalidURL(*e.args)
requests.exceptions.InvalidURL: Failed to parse: <PreparedRequest [GET]>
2025-11-06 18:17:12,294 - INFO - 127.0.0.1 - - [06/Nov/2025 18:17:12] "[35m[1mGET /weather HTTP/1.1[0m" 500 -
2025-11-06 18:17:12,486 - INFO - 127.0.0.1 - - [06/Nov/2025 18:17:12] "[36mGET /weather?__debugger__=yes&cmd=resource&f=debugger.js HTTP/1.1[0m" 304 -
2025-11-06 18:17:12,495 - INFO - 127.0.0.1 - - [06/Nov/2025 18:17:12] "[36mGET /weather?__debugger__=yes&cmd=resource&f=style.css HTTP/1.1[0m" 304 -
2025-11-06 18:17:12,576 - INFO - 127.0.0.1 - - [06/Nov/2025 18:17:12] "GET /weather?__debugger__=yes&cmd=resource&f=console.png&s=0PBIUvGAx0eWRnK93R8t HTTP/1.1" 200 -
2025-11-06 18:18:19,563 - INFO -  * Detected change in 'c:\\Users\\rj\\Documents\\Coding Projects\\Backend-Projects\\My Weather API\\request_data.py', reloading
2025-11-06 18:18:19,678 - INFO -  * Restarting with stat
2025-11-06 18:18:20,545 - WARNING -  * Debugger is active!
2025-11-06 18:18:20,548 - INFO -  * Debugger PIN: 621-942-329
2025-11-06 18:18:48,880 - INFO -  * Detected change in 'c:\\Users\\rj\\Documents\\Coding Projects\\Backend-Projects\\My Weather API\\request_data.py', reloading
2025-11-06 18:18:49,002 - INFO -  * Restarting with stat
2025-11-06 18:18:49,590 - WARNING -  * Debugger is active!
2025-11-06 18:18:49,594 - INFO -  * Debugger PIN: 621-942-329
2025-11-06 18:20:10,540 - INFO -  * Detected change in 'c:\\Users\\rj\\Documents\\Coding Projects\\Backend-Projects\\My Weather API\\request_data.py', reloading
2025-11-06 18:20:10,635 - INFO -  * Restarting with stat
2025-11-06 18:20:11,603 - WARNING -  * Debugger is active!
2025-11-06 18:20:11,608 - INFO -  * Debugger PIN: 621-942-329
2025-11-06 18:20:36,866 - INFO -  * Detected change in 'c:\\Users\\rj\\Documents\\Coding Projects\\Backend-Projects\\My Weather API\\request_data.py', reloading
2025-11-06 18:20:36,992 - INFO -  * Restarting with stat
2025-11-06 18:20:37,828 - WARNING -  * Debugger is active!
2025-11-06 18:20:37,831 - INFO -  * Debugger PIN: 621-942-329
2025-11-06 18:21:17,241 - INFO -  * Detected change in 'c:\\Users\\rj\\Documents\\Coding Projects\\Backend-Projects\\My Weather API\\request_data.py', reloading
2025-11-06 18:21:17,359 - INFO -  * Restarting with stat
2025-11-06 18:21:18,415 - WARNING -  * Debugger is active!
2025-11-06 18:21:18,422 - INFO -  * Debugger PIN: 621-942-329
2025-11-06 18:21:28,456 - INFO - key: https://weather.visualcrossing.com/VisualCrossingWebServices/rest/services/timeline/Pandi,%20Philippines?key=UW9WGNEW2SEFDM82H8H48CELF
2025-11-06 18:21:28,461 - DEBUG - Starting new HTTPS connection (1): weather.visualcrossing.com:443
2025-11-06 18:21:29,894 - DEBUG - https://weather.visualcrossing.com:443 "GET /VisualCrossingWebServices/rest/services/timeline/Pandi,%20Philippines?key=UW9WGNEW2SEFDM82H8H48CELF HTTP/1.1" 200 None
2025-11-06 18:21:30,124 - INFO - succesfully saved in cache
2025-11-06 18:21:30,126 - INFO - 127.0.0.1 - - [06/Nov/2025 18:21:30] "GET /weather HTTP/1.1" 200 -
2025-11-06 18:22:08,000 - INFO -  * Detected change in 'c:\\Users\\rj\\Documents\\Coding Projects\\Backend-Projects\\My Weather API\\request_data.py', reloading
2025-11-06 18:22:08,103 - INFO -  * Restarting with stat
2025-11-06 18:22:08,982 - WARNING -  * Debugger is active!
2025-11-06 18:22:08,985 - INFO -  * Debugger PIN: 621-942-329
2025-11-06 18:30:34,558 - INFO - [31m[1mWARNING: This is a development server. Do not use it in a production deployment. Use a production WSGI server instead.[0m
 * Running on http://127.0.0.1:5000
2025-11-06 18:30:34,558 - INFO - [33mPress CTRL+C to quit[0m
2025-11-06 18:30:34,561 - INFO -  * Restarting with stat
2025-11-06 18:30:35,311 - WARNING -  * Debugger is active!
2025-11-06 18:30:35,317 - INFO -  * Debugger PIN: 621-942-329
2025-11-06 18:30:37,164 - INFO - 127.0.0.1 - - [06/Nov/2025 18:30:37] "[33mGET / HTTP/1.1[0m" 404 -
2025-11-06 18:30:40,822 - INFO - 127.0.0.1 - - [06/Nov/2025 18:30:40] "[33mGET / HTTP/1.1[0m" 404 -
2025-11-06 18:30:50,007 - DEBUG - Starting new HTTPS connection (1): weather.visualcrossing.com:443
2025-11-06 18:30:51,659 - DEBUG - https://weather.visualcrossing.com:443 "GET /VisualCrossingWebServices/rest/services/timeline/Pandi,%20Philippines?key=UW9WGNEW2SEFDM82H8H48CELF HTTP/1.1" 200 None
2025-11-06 18:30:51,665 - INFO - succesfully saved in cache
2025-11-06 18:30:51,666 - INFO - 127.0.0.1 - - [06/Nov/2025 18:30:51] "GET /weather HTTP/1.1" 200 -
2025-11-06 18:31:03,726 - INFO -  * Detected change in 'c:\\Users\\rj\\Documents\\Coding Projects\\Backend-Projects\\My Weather API\\request_data.py', reloading
2025-11-06 18:31:03,852 - INFO -  * Restarting with stat
2025-11-06 18:31:04,575 - WARNING -  * Debugger is active!
2025-11-06 18:31:04,579 - INFO -  * Debugger PIN: 621-942-329
2025-11-06 18:31:11,441 - INFO - data from cache
2025-11-06 18:31:11,442 - INFO - 127.0.0.1 - - [06/Nov/2025 18:31:11] "GET /weather HTTP/1.1" 200 -
2025-11-06 18:31:31,889 - INFO -  * Detected change in 'c:\\Users\\rj\\Documents\\Coding Projects\\Backend-Projects\\My Weather API\\request_data.py', reloading
2025-11-06 18:31:32,046 - INFO -  * Restarting with stat
2025-11-06 18:31:33,076 - WARNING -  * Debugger is active!
2025-11-06 18:31:33,079 - INFO -  * Debugger PIN: 621-942-329
2025-11-06 18:31:35,127 - INFO - https://weather.visualcrossing.com/VisualCrossingWebServices/rest/services/timeline/Pandi, Philippines?
2025-11-06 18:31:37,162 - INFO - data from cache
2025-11-06 18:31:37,163 - INFO - 127.0.0.1 - - [06/Nov/2025 18:31:37] "GET /weather HTTP/1.1" 200 -
2025-11-06 18:31:41,200 - INFO -  * Detected change in 'c:\\Users\\rj\\Documents\\Coding Projects\\Backend-Projects\\My Weather API\\request_data.py', reloading
2025-11-06 18:31:41,324 - INFO -  * Restarting with stat
2025-11-06 18:31:42,096 - WARNING -  * Debugger is active!
2025-11-06 18:31:42,101 - INFO -  * Debugger PIN: 621-942-329
2025-11-06 18:33:14,785 - INFO - [31m[1mWARNING: This is a development server. Do not use it in a production deployment. Use a production WSGI server instead.[0m
 * Running on http://127.0.0.1:5000
2025-11-06 18:33:14,785 - INFO - [33mPress CTRL+C to quit[0m
2025-11-06 18:33:14,787 - INFO -  * Restarting with stat
2025-11-06 18:33:15,658 - WARNING -  * Debugger is active!
2025-11-06 18:33:15,679 - INFO -  * Debugger PIN: 621-942-329
2025-11-06 18:33:27,435 - INFO - https://weather.visualcrossing.com/VisualCrossingWebServices/rest/services/timeline/None?
2025-11-06 18:33:29,466 - DEBUG - Starting new HTTPS connection (1): weather.visualcrossing.com:443
2025-11-06 18:33:30,762 - DEBUG - https://weather.visualcrossing.com:443 "GET /VisualCrossingWebServices/rest/services/timeline/None?key=UW9WGNEW2SEFDM82H8H48CELF HTTP/1.1" 400 79
2025-11-06 18:33:30,763 - ERROR - HTTP ERROR: 400 Client Error:  for url: https://weather.visualcrossing.com/VisualCrossingWebServices/rest/services/timeline/None?key=UW9WGNEW2SEFDM82H8H48CELF
2025-11-06 18:33:30,775 - INFO - 127.0.0.1 - - [06/Nov/2025 18:33:30] "[35m[1mGET /weather HTTP/1.1[0m" 500 -
2025-11-06 18:33:30,965 - INFO - 127.0.0.1 - - [06/Nov/2025 18:33:30] "[36mGET /weather?__debugger__=yes&cmd=resource&f=style.css HTTP/1.1[0m" 304 -
2025-11-06 18:33:30,966 - INFO - 127.0.0.1 - - [06/Nov/2025 18:33:30] "[36mGET /weather?__debugger__=yes&cmd=resource&f=debugger.js HTTP/1.1[0m" 304 -
2025-11-06 18:33:31,049 - INFO - 127.0.0.1 - - [06/Nov/2025 18:33:31] "GET /weather?__debugger__=yes&cmd=resource&f=console.png&s=lONUvQ783c3lVqx3XBZm HTTP/1.1" 200 -
2025-11-06 18:33:38,350 - INFO - https://weather.visualcrossing.com/VisualCrossingWebServices/rest/services/timeline/None?
2025-11-06 18:33:38,353 - DEBUG - Starting new HTTPS connection (1): weather.visualcrossing.com:443
2025-11-06 18:33:39,592 - DEBUG - https://weather.visualcrossing.com:443 "GET /VisualCrossingWebServices/rest/services/timeline/None?key=UW9WGNEW2SEFDM82H8H48CELF HTTP/1.1" 400 79
2025-11-06 18:33:39,593 - ERROR - HTTP ERROR: 400 Client Error:  for url: https://weather.visualcrossing.com/VisualCrossingWebServices/rest/services/timeline/None?key=UW9WGNEW2SEFDM82H8H48CELF
2025-11-06 18:33:39,601 - INFO - 127.0.0.1 - - [06/Nov/2025 18:33:39] "[35m[1mGET /weather HTTP/1.1[0m" 500 -
2025-11-06 18:33:39,668 - INFO - 127.0.0.1 - - [06/Nov/2025 18:33:39] "[36mGET /weather?__debugger__=yes&cmd=resource&f=style.css HTTP/1.1[0m" 304 -
2025-11-06 18:33:39,670 - INFO - 127.0.0.1 - - [06/Nov/2025 18:33:39] "[36mGET /weather?__debugger__=yes&cmd=resource&f=debugger.js HTTP/1.1[0m" 304 -
2025-11-06 18:33:39,686 - INFO - 127.0.0.1 - - [06/Nov/2025 18:33:39] "[36mGET /weather?__debugger__=yes&cmd=resource&f=console.png&s=lONUvQ783c3lVqx3XBZm HTTP/1.1[0m" 304 -
2025-11-06 18:33:39,718 - INFO - 127.0.0.1 - - [06/Nov/2025 18:33:39] "[36mGET /weather?__debugger__=yes&cmd=resource&f=console.png HTTP/1.1[0m" 304 -
2025-11-06 18:34:14,370 - INFO -  * Detected change in 'c:\\Users\\rj\\Documents\\Coding Projects\\Backend-Projects\\My Weather API\\app.py', reloading
2025-11-06 18:34:14,512 - INFO -  * Restarting with stat
2025-11-06 18:34:15,281 - WARNING -  * Debugger is active!
2025-11-06 18:34:15,285 - INFO -  * Debugger PIN: 621-942-329
2025-11-06 18:38:12,774 - INFO -  * Detected change in 'c:\\Users\\rj\\Documents\\Coding Projects\\Backend-Projects\\My Weather API\\request_data.py', reloading
2025-11-06 18:38:12,924 - INFO -  * Restarting with stat
2025-11-06 18:38:13,812 - WARNING -  * Debugger is active!
2025-11-06 18:38:13,816 - INFO -  * Debugger PIN: 621-942-329
2025-11-06 18:38:18,692 - INFO - https://weather.visualcrossing.com/VisualCrossingWebServices/rest/services/timeline/Pandi, Philippines?
2025-11-06 18:38:20,713 - INFO - data from cache
2025-11-06 18:38:20,714 - INFO - 127.0.0.1 - - [06/Nov/2025 18:38:20] "GET /weather HTTP/1.1" 200 -
2025-11-06 18:38:31,986 - INFO - https://weather.visualcrossing.com/VisualCrossingWebServices/rest/services/timeline/Pandi, Philippines?
2025-11-06 18:38:31,988 - INFO - data from cache
2025-11-06 18:38:31,990 - INFO - 127.0.0.1 - - [06/Nov/2025 18:38:31] "GET /weather HTTP/1.1" 200 -
2025-11-06 18:38:32,936 - INFO - https://weather.visualcrossing.com/VisualCrossingWebServices/rest/services/timeline/Pandi, Philippines?
2025-11-06 18:38:32,937 - INFO - data from cache
2025-11-06 18:38:32,937 - INFO - 127.0.0.1 - - [06/Nov/2025 18:38:32] "GET /weather HTTP/1.1" 200 -
2025-11-06 18:38:33,693 - INFO - ratelimit 3 per 1 minute (127.0.0.1) exceeded at endpoint: run
2025-11-06 18:38:33,711 - INFO - 127.0.0.1 - - [06/Nov/2025 18:38:33] "[35m[1mGET /weather HTTP/1.1[0m" 500 -
2025-11-06 18:38:33,871 - INFO - 127.0.0.1 - - [06/Nov/2025 18:38:33] "[36mGET /weather?__debugger__=yes&cmd=resource&f=debugger.js HTTP/1.1[0m" 304 -
2025-11-06 18:38:33,875 - INFO - 127.0.0.1 - - [06/Nov/2025 18:38:33] "[36mGET /weather?__debugger__=yes&cmd=resource&f=style.css HTTP/1.1[0m" 304 -
2025-11-06 18:38:33,914 - INFO - 127.0.0.1 - - [06/Nov/2025 18:38:33] "GET /weather?__debugger__=yes&cmd=resource&f=console.png&s=2ZbXMbUOm2SNVPEYJbB8 HTTP/1.1" 200 -
2025-11-06 18:38:33,946 - INFO - 127.0.0.1 - - [06/Nov/2025 18:38:33] "[36mGET /weather?__debugger__=yes&cmd=resource&f=console.png HTTP/1.1[0m" 304 -
2025-11-06 18:38:43,206 - INFO -  * Detected change in 'c:\\Users\\rj\\Documents\\Coding Projects\\Backend-Projects\\My Weather API\\request_data.py', reloading
2025-11-06 18:38:43,348 - INFO -  * Restarting with stat
2025-11-06 18:38:44,129 - WARNING -  * Debugger is active!
2025-11-06 18:38:44,133 - INFO -  * Debugger PIN: 621-942-329
2025-11-06 18:38:48,194 - INFO -  * Detected change in 'c:\\Users\\rj\\Documents\\Coding Projects\\Backend-Projects\\My Weather API\\request_data.py', reloading
2025-11-06 18:38:48,314 - INFO -  * Restarting with stat
2025-11-06 18:38:49,355 - WARNING -  * Debugger is active!
2025-11-06 18:38:49,362 - INFO -  * Debugger PIN: 621-942-329
2025-11-06 18:39:07,698 - INFO - [31m[1mWARNING: This is a development server. Do not use it in a production deployment. Use a production WSGI server instead.[0m
 * Running on http://127.0.0.1:5000
2025-11-06 18:39:07,698 - INFO - [33mPress CTRL+C to quit[0m
2025-11-06 18:39:07,700 - INFO -  * Restarting with stat
2025-11-06 18:39:08,417 - WARNING -  * Debugger is active!
2025-11-06 18:39:08,421 - INFO -  * Debugger PIN: 621-942-329
2025-11-06 18:39:12,082 - INFO - ratelimit 3 per 1 minute (127.0.0.1) exceeded at endpoint: run
2025-11-06 18:39:12,099 - INFO - 127.0.0.1 - - [06/Nov/2025 18:39:12] "[35m[1mGET /weather HTTP/1.1[0m" 500 -
2025-11-06 18:39:12,271 - INFO - 127.0.0.1 - - [06/Nov/2025 18:39:12] "[36mGET /weather?__debugger__=yes&cmd=resource&f=debugger.js HTTP/1.1[0m" 304 -
2025-11-06 18:39:12,272 - INFO - 127.0.0.1 - - [06/Nov/2025 18:39:12] "[36mGET /weather?__debugger__=yes&cmd=resource&f=style.css HTTP/1.1[0m" 304 -
2025-11-06 18:39:12,302 - INFO - 127.0.0.1 - - [06/Nov/2025 18:39:12] "GET /weather?__debugger__=yes&cmd=resource&f=console.png&s=oepDhhTnVk5vXy9cyp4d HTTP/1.1" 200 -
2025-11-06 18:39:12,326 - INFO - 127.0.0.1 - - [06/Nov/2025 18:39:12] "[36mGET /weather?__debugger__=yes&cmd=resource&f=console.png HTTP/1.1[0m" 304 -
2025-11-06 18:39:19,323 - INFO - https://weather.visualcrossing.com/VisualCrossingWebServices/rest/services/timeline/Pandi, Philippines?
2025-11-06 18:39:21,347 - INFO - data from cache
2025-11-06 18:39:21,347 - INFO - 127.0.0.1 - - [06/Nov/2025 18:39:21] "GET /weather HTTP/1.1" 200 -
2025-11-06 18:41:48,486 - INFO - https://weather.visualcrossing.com/VisualCrossingWebServices/rest/services/timeline/Pandi, Philippines?
2025-11-06 18:41:48,487 - INFO - data from cache
2025-11-06 18:41:48,488 - INFO - 127.0.0.1 - - [06/Nov/2025 18:41:48] "GET /weather HTTP/1.1" 200 -
2025-11-06 18:41:49,221 - INFO - https://weather.visualcrossing.com/VisualCrossingWebServices/rest/services/timeline/Pandi, Philippines?
2025-11-06 18:41:49,222 - INFO - data from cache
2025-11-06 18:41:49,222 - INFO - 127.0.0.1 - - [06/Nov/2025 18:41:49] "GET /weather HTTP/1.1" 200 -
2025-11-06 18:41:49,839 - INFO - https://weather.visualcrossing.com/VisualCrossingWebServices/rest/services/timeline/Pandi, Philippines?
2025-11-06 18:41:49,841 - INFO - data from cache
2025-11-06 18:41:49,842 - INFO - 127.0.0.1 - - [06/Nov/2025 18:41:49] "GET /weather HTTP/1.1" 200 -
2025-11-06 18:41:50,455 - INFO - ratelimit 3 per 1 minute (127.0.0.1) exceeded at endpoint: run
2025-11-06 18:41:50,468 - INFO - 127.0.0.1 - - [06/Nov/2025 18:41:50] "[35m[1mGET /weather HTTP/1.1[0m" 500 -
2025-11-06 18:41:50,527 - INFO - 127.0.0.1 - - [06/Nov/2025 18:41:50] "[36mGET /weather?__debugger__=yes&cmd=resource&f=style.css HTTP/1.1[0m" 304 -
2025-11-06 18:41:50,529 - INFO - 127.0.0.1 - - [06/Nov/2025 18:41:50] "[36mGET /weather?__debugger__=yes&cmd=resource&f=debugger.js HTTP/1.1[0m" 304 -
2025-11-06 18:41:50,542 - INFO - 127.0.0.1 - - [06/Nov/2025 18:41:50] "[36mGET /weather?__debugger__=yes&cmd=resource&f=console.png&s=oepDhhTnVk5vXy9cyp4d HTTP/1.1[0m" 304 -
2025-11-06 18:41:50,579 - INFO - 127.0.0.1 - - [06/Nov/2025 18:41:50] "[36mGET /weather?__debugger__=yes&cmd=resource&f=console.png HTTP/1.1[0m" 304 -
2025-11-06 18:42:11,571 - INFO -  * Detected change in 'c:\\Users\\rj\\Documents\\Coding Projects\\Backend-Projects\\My Weather API\\app.py', reloading
2025-11-06 18:42:11,697 - INFO -  * Restarting with stat
2025-11-06 18:42:11,769 - INFO -  * Detected change in 'c:\\Users\\rj\\Documents\\Coding Projects\\Backend-Projects\\My Weather API\\app.py', reloading
2025-11-06 18:42:12,078 - INFO -  * Restarting with stat
2025-11-06 18:42:28,534 - INFO - [31m[1mWARNING: This is a development server. Do not use it in a production deployment. Use a production WSGI server instead.[0m
 * Running on http://127.0.0.1:5000
2025-11-06 18:42:28,535 - INFO - [33mPress CTRL+C to quit[0m
2025-11-06 18:42:28,537 - INFO -  * Restarting with stat
2025-11-06 18:42:29,300 - WARNING -  * Debugger is active!
2025-11-06 18:42:29,305 - INFO -  * Debugger PIN: 621-942-329
2025-11-06 18:42:32,268 - INFO - ratelimit 3 per 1 minute (127.0.0.1) exceeded at endpoint: run
2025-11-06 18:42:32,283 - INFO - 127.0.0.1 - - [06/Nov/2025 18:42:32] "[35m[1mGET /weather HTTP/1.1[0m" 500 -
2025-11-06 18:42:32,474 - INFO - 127.0.0.1 - - [06/Nov/2025 18:42:32] "[36mGET /weather?__debugger__=yes&cmd=resource&f=style.css HTTP/1.1[0m" 304 -
2025-11-06 18:42:32,475 - INFO - 127.0.0.1 - - [06/Nov/2025 18:42:32] "[36mGET /weather?__debugger__=yes&cmd=resource&f=debugger.js HTTP/1.1[0m" 304 -
2025-11-06 18:42:32,551 - INFO - 127.0.0.1 - - [06/Nov/2025 18:42:32] "GET /weather?__debugger__=yes&cmd=resource&f=console.png&s=XcJZfDOh5QO6g9gE2ot3 HTTP/1.1" 200 -
2025-11-06 18:42:32,585 - INFO - 127.0.0.1 - - [06/Nov/2025 18:42:32] "[36mGET /weather?__debugger__=yes&cmd=resource&f=console.png HTTP/1.1[0m" 304 -
2025-11-06 18:42:34,698 - INFO - ratelimit 3 per 1 minute (127.0.0.1) exceeded at endpoint: run
2025-11-06 18:42:34,711 - INFO - 127.0.0.1 - - [06/Nov/2025 18:42:34] "[35m[1mGET /weather HTTP/1.1[0m" 500 -
2025-11-06 18:42:34,790 - INFO - 127.0.0.1 - - [06/Nov/2025 18:42:34] "[36mGET /weather?__debugger__=yes&cmd=resource&f=style.css HTTP/1.1[0m" 304 -
2025-11-06 18:42:34,791 - INFO - 127.0.0.1 - - [06/Nov/2025 18:42:34] "[36mGET /weather?__debugger__=yes&cmd=resource&f=debugger.js HTTP/1.1[0m" 304 -
2025-11-06 18:42:34,816 - INFO - 127.0.0.1 - - [06/Nov/2025 18:42:34] "[36mGET /weather?__debugger__=yes&cmd=resource&f=console.png&s=XcJZfDOh5QO6g9gE2ot3 HTTP/1.1[0m" 304 -
2025-11-06 18:42:34,864 - INFO - 127.0.0.1 - - [06/Nov/2025 18:42:34] "[36mGET /weather?__debugger__=yes&cmd=resource&f=console.png HTTP/1.1[0m" 304 -
2025-11-06 18:43:09,795 - INFO -  * Detected change in 'c:\\Users\\rj\\Documents\\Coding Projects\\Backend-Projects\\My Weather API\\app.py', reloading
2025-11-06 18:43:10,014 - INFO -  * Restarting with stat
2025-11-06 18:43:11,199 - WARNING -  * Debugger is active!
2025-11-06 18:43:11,203 - INFO -  * Debugger PIN: 621-942-329
2025-11-06 18:43:13,252 - INFO - https://weather.visualcrossing.com/VisualCrossingWebServices/rest/services/timeline/Pandi, Philippines?
2025-11-06 18:43:15,289 - INFO - data from cache
2025-11-06 18:43:15,290 - INFO - 127.0.0.1 - - [06/Nov/2025 18:43:15] "GET /weather HTTP/1.1" 200 -
2025-11-06 18:43:17,419 - INFO - https://weather.visualcrossing.com/VisualCrossingWebServices/rest/services/timeline/Pandi, Philippines?
2025-11-06 18:43:17,420 - INFO - data from cache
2025-11-06 18:43:17,421 - INFO - 127.0.0.1 - - [06/Nov/2025 18:43:17] "GET /weather HTTP/1.1" 200 -
2025-11-06 18:43:18,213 - INFO - https://weather.visualcrossing.com/VisualCrossingWebServices/rest/services/timeline/Pandi, Philippines?
2025-11-06 18:43:18,215 - INFO - data from cache
2025-11-06 18:43:18,217 - INFO - 127.0.0.1 - - [06/Nov/2025 18:43:18] "GET /weather HTTP/1.1" 200 -
2025-11-06 18:43:18,865 - INFO - ratelimit 3 per 1 minute (127.0.0.1) exceeded at endpoint: run
2025-11-06 18:43:18,866 - WARNING - LIMIT REACHED: 429 Too Many Requests: 3 per 1 minute
2025-11-06 18:43:18,867 - INFO - 127.0.0.1 - - [06/Nov/2025 18:43:18] "[31m[1mGET /weather HTTP/1.1[0m" 429 -
2025-11-06 18:43:33,530 - INFO -  * Detected change in 'c:\\Users\\rj\\Documents\\Coding Projects\\Backend-Projects\\My Weather API\\app.py', reloading
2025-11-06 18:43:33,654 - INFO -  * Restarting with stat
2025-11-06 18:43:35,935 - WARNING -  * Debugger is active!
2025-11-06 18:43:35,940 - INFO -  * Debugger PIN: 621-942-329
2025-11-06 18:43:38,023 - INFO - ratelimit 3 per 1 minute (127.0.0.1) exceeded at endpoint: run
2025-11-06 18:43:38,024 - WARNING - LIMIT REACHED: 429 Too Many Requests: 3 per 1 minute
2025-11-06 18:43:38,025 - INFO - 127.0.0.1 - - [06/Nov/2025 18:43:38] "[31m[1mGET /weather HTTP/1.1[0m" 429 -
2025-11-06 18:45:36,417 - INFO -  * Detected change in 'c:\\Users\\rj\\Documents\\Coding Projects\\Backend-Projects\\My Weather API\\app.py', reloading
2025-11-06 18:45:36,539 - INFO -  * Restarting with stat
2025-11-06 18:45:37,460 - WARNING -  * Debugger is active!
2025-11-06 18:45:37,463 - INFO -  * Debugger PIN: 621-942-329
2025-11-06 18:47:46,902 - INFO -  * Detected change in 'c:\\Users\\rj\\Documents\\Coding Projects\\Backend-Projects\\My Weather API\\app.py', reloading
2025-11-06 18:47:47,069 - INFO -  * Restarting with stat
2025-11-06 18:47:48,108 - WARNING -  * Debugger is active!
2025-11-06 18:47:48,114 - INFO -  * Debugger PIN: 621-942-329
2025-11-06 18:47:54,202 - INFO - https://weather.visualcrossing.com/VisualCrossingWebServices/rest/services/timeline/Pandi, Philippines?
2025-11-06 18:47:56,233 - INFO - data from cache
2025-11-06 18:47:56,235 - INFO - 127.0.0.1 - - [06/Nov/2025 18:47:56] "GET /weather HTTP/1.1" 200 -
2025-11-06 18:47:58,548 - INFO - https://weather.visualcrossing.com/VisualCrossingWebServices/rest/services/timeline/Pandi, Philippines?
2025-11-06 18:47:58,549 - INFO - data from cache
2025-11-06 18:47:58,550 - INFO - 127.0.0.1 - - [06/Nov/2025 18:47:58] "GET /weather HTTP/1.1" 200 -
2025-11-06 18:47:59,835 - INFO - https://weather.visualcrossing.com/VisualCrossingWebServices/rest/services/timeline/Pandi, Philippines?
2025-11-06 18:47:59,836 - INFO - data from cache
2025-11-06 18:47:59,837 - INFO - 127.0.0.1 - - [06/Nov/2025 18:47:59] "GET /weather HTTP/1.1" 200 -
2025-11-06 18:48:00,504 - INFO - ratelimit 3 per 1 minute (127.0.0.1) exceeded at endpoint: run
2025-11-06 18:48:00,504 - WARNING - LIMIT REACHED: 429 Too Many Requests: 3 per 1 minute
2025-11-06 18:48:00,505 - INFO - 127.0.0.1 - - [06/Nov/2025 18:48:00] "[31m[1mGET /weather HTTP/1.1[0m" 429 -
2025-11-06 18:48:03,633 - INFO - ratelimit 3 per 1 minute (127.0.0.1) exceeded at endpoint: run
2025-11-06 18:48:03,633 - WARNING - LIMIT REACHED: 429 Too Many Requests: 3 per 1 minute
2025-11-06 18:48:03,634 - INFO - 127.0.0.1 - - [06/Nov/2025 18:48:03] "[31m[1mGET /weather HTTP/1.1[0m" 429 -
2025-11-06 18:48:04,491 - INFO - ratelimit 3 per 1 minute (127.0.0.1) exceeded at endpoint: run
2025-11-06 18:48:04,492 - WARNING - LIMIT REACHED: 429 Too Many Requests: 3 per 1 minute
2025-11-06 18:48:04,493 - INFO - 127.0.0.1 - - [06/Nov/2025 18:48:04] "[31m[1mGET /weather HTTP/1.1[0m" 429 -
2025-11-06 18:48:10,179 - INFO - ratelimit 3 per 1 minute (127.0.0.1) exceeded at endpoint: run
2025-11-06 18:48:10,180 - WARNING - LIMIT REACHED: 429 Too Many Requests: 3 per 1 minute
2025-11-06 18:48:10,180 - INFO - 127.0.0.1 - - [06/Nov/2025 18:48:10] "[31m[1mGET /weather HTTP/1.1[0m" 429 -
2025-11-06 18:48:10,975 - INFO - ratelimit 3 per 1 minute (127.0.0.1) exceeded at endpoint: run
2025-11-06 18:48:10,976 - WARNING - LIMIT REACHED: 429 Too Many Requests: 3 per 1 minute
2025-11-06 18:48:10,977 - INFO - 127.0.0.1 - - [06/Nov/2025 18:48:10] "[31m[1mGET /weather HTTP/1.1[0m" 429 -
2025-11-06 18:48:12,010 - INFO - ratelimit 3 per 1 minute (127.0.0.1) exceeded at endpoint: run
2025-11-06 18:48:12,011 - WARNING - LIMIT REACHED: 429 Too Many Requests: 3 per 1 minute
2025-11-06 18:48:12,012 - INFO - 127.0.0.1 - - [06/Nov/2025 18:48:12] "[31m[1mGET /weather HTTP/1.1[0m" 429 -
2025-11-06 18:48:12,357 - INFO - ratelimit 3 per 1 minute (127.0.0.1) exceeded at endpoint: run
2025-11-06 18:48:12,358 - WARNING - LIMIT REACHED: 429 Too Many Requests: 3 per 1 minute
2025-11-06 18:48:12,359 - INFO - 127.0.0.1 - - [06/Nov/2025 18:48:12] "[31m[1mGET /weather HTTP/1.1[0m" 429 -
2025-11-06 18:48:15,356 - INFO - 127.0.0.1 - - [06/Nov/2025 18:48:15] "[33mGET /weathr HTTP/1.1[0m" 404 -
2025-11-06 18:49:54,487 - INFO -  * Detected change in 'c:\\Users\\rj\\Documents\\Coding Projects\\Backend-Projects\\My Weather API\\request_data.py', reloading
2025-11-06 18:49:54,604 - INFO -  * Restarting with stat
2025-11-06 18:49:55,357 - WARNING -  * Debugger is active!
2025-11-06 18:49:55,361 - INFO -  * Debugger PIN: 621-942-329
2025-11-06 18:49:58,418 - INFO -  * Detected change in 'c:\\Users\\rj\\Documents\\Coding Projects\\Backend-Projects\\My Weather API\\request_data.py', reloading
2025-11-06 18:49:58,530 - INFO -  * Restarting with stat
2025-11-06 18:49:59,372 - WARNING -  * Debugger is active!
2025-11-06 18:49:59,375 - INFO -  * Debugger PIN: 621-942-329
2025-11-06 18:50:06,572 - INFO - https://weather.visualcrossing.com/VisualCrossingWebServices/rest/services/timeline/Pandi, Philippines?
2025-11-06 18:50:08,594 - INFO - data from cache
2025-11-06 18:50:08,597 - INFO - 127.0.0.1 - - [06/Nov/2025 18:50:08] "GET /weather HTTP/1.1" 200 -
2025-11-06 18:50:14,185 - INFO - https://weather.visualcrossing.com/VisualCrossingWebServices/rest/services/timeline/Moscow?date1=2024-10-10
2025-11-06 18:50:14,189 - DEBUG - Starting new HTTPS connection (1): weather.visualcrossing.com:443
2025-11-06 18:50:15,525 - DEBUG - https://weather.visualcrossing.com:443 "GET /VisualCrossingWebServices/rest/services/timeline/Moscow?key=UW9WGNEW2SEFDM82H8H48CELF&date1=2024-10-10 HTTP/1.1" 200 None
2025-11-06 18:50:15,752 - INFO - succesfully saved in cache
2025-11-06 18:50:15,754 - INFO - 127.0.0.1 - - [06/Nov/2025 18:50:15] "GET /weather?location=Moscow&date1=2024-10-10 HTTP/1.1" 200 -
2025-11-06 18:51:21,905 - INFO - https://weather.visualcrossing.com/VisualCrossingWebServices/rest/services/timeline/Moscow?date1=2024-10-10
2025-11-06 18:51:21,906 - INFO - data from cache
2025-11-06 18:51:21,907 - INFO - 127.0.0.1 - - [06/Nov/2025 18:51:21] "GET /weather?location=Moscow&date1=2024-10-10 HTTP/1.1" 200 -
2025-11-06 18:51:23,570 - INFO - https://weather.visualcrossing.com/VisualCrossingWebServices/rest/services/timeline/Moscow?date1=2024-10-10
2025-11-06 18:51:23,571 - INFO - data from cache
2025-11-06 18:51:23,572 - INFO - 127.0.0.1 - - [06/Nov/2025 18:51:23] "GET /weather?location=Moscow&date1=2024-10-10 HTTP/1.1" 200 -
2025-11-06 18:51:27,952 - INFO - https://weather.visualcrossing.com/VisualCrossingWebServices/rest/services/timeline/Moscow?date1=2024-10-10
2025-11-06 18:51:27,953 - INFO - data from cache
2025-11-06 18:51:27,954 - INFO - 127.0.0.1 - - [06/Nov/2025 18:51:27] "GET /weather?location=Moscow&date1=2024-10-10 HTTP/1.1" 200 -
